2023/03/07 11:56:27 Server Running...
2023/03/07 11:56:27 Listening on  :10541
2023/03/07 11:56:27 Waiting for client...
2023/03/07 11:59:20 RoAck sent 2023-03-07T11:59:20 for RundownID: TINEWS/TRAINING.NEWS01.RUNDOWN
2023/03/07 11:59:20 Last msgID: 15395
2023/03/07 11:59:20 Waiting for 1 second Connection close...
2023/03/07 11:59:21 Rundown RoReplaceTINEWS/TRAINING.NEWS01.RUNDOWN
2023/03/07 13:03:59 Server Running...
2023/03/07 13:03:59 Listening on  :10541
2023/03/07 13:03:59 Waiting for client...
2023/03/07 13:04:32 RoAck sent 2023-03-07T13:04:32 for RundownID: TINEWS/TRAINING.NEWS01.RUNDOWN
2023/03/07 13:04:32 Last msgID: 15396
2023/03/07 13:04:32 Waiting for 1 second Connection close...
2023/03/07 13:04:33 Rundown RoCreateTINEWS/TRAINING.NEWS01.RUNDOWN
2023/03/07 13:24:02 Server Running...
2023/03/07 13:24:02 Listening on  :10541
2023/03/07 13:24:02 Waiting for client...
2023/03/07 13:24:12 Error writing file:open TINEWS/TRAINING.NEWS01.RUNDOWN.xml: The system cannot find the path specified.
2023/03/07 13:24:12 RoAck sent 2023-03-07T13:24:12 for RundownID: TINEWS/TRAINING.NEWS01.RUNDOWN
2023/03/07 13:24:12 Last msgID: 15397
2023/03/07 13:24:12 Waiting for 1 second Connection close...
2023/03/07 13:24:13 Rundown RoReplaceTINEWS/TRAINING.NEWS01.RUNDOWN
2023/03/07 13:27:18 Server Running...
2023/03/07 13:27:18 Listening on  :10541
2023/03/07 13:27:18 Waiting for client...
2023/03/07 13:27:25 RoAck sent 2023-03-07T13:27:25 for RundownID: TINEWS/TRAINING.NEWS01.RUNDOWN
2023/03/07 13:27:25 Last msgID: 15398
2023/03/07 13:27:25 Waiting for 1 second Connection close...
2023/03/07 13:27:26 Rundown RoReplaceTINEWS/TRAINING.NEWS01.RUNDOWN
2023/03/07 13:39:19 Server Running...
2023/03/07 13:39:19 Listening on  :10541
2023/03/07 13:39:19 Waiting for client...
2023/03/07 13:39:25 TINEWS/TRAINING.NEWS01.RUNDOWNRundwon DeletedP:\MosgoRundown\TINEWS/TRAINING.NEWS01.RUNDOWN.xml deleted
2023/03/07 13:39:25 RoAck sent 2023-03-07T13:39:25 for RundownID: TINEWS/TRAINING.NEWS01.RUNDOWN
2023/03/07 13:39:25 Last msgID: 15399
2023/03/07 13:39:25 Waiting for 1 second Connection close...
2023/03/07 13:42:22 Server Running...
2023/03/07 13:42:22 Listening on  :10541
2023/03/07 13:42:22 Waiting for client...
2023/03/07 13:42:46 RoAck sent 2023-03-07T13:42:46 for RundownID: TINEWS/TRAINING.NEWS01.RUNDOWN
2023/03/07 13:42:46 Last msgID: 15400
2023/03/07 13:42:46 Waiting for 1 second Connection close...
2023/03/07 13:42:47 Rundown RoCreateTINEWS/TRAINING.NEWS01.RUNDOWN
2023/03/07 13:43:00 RoAck sent 2023-03-07T13:43:00 for RundownID: TINEWS/TRAINING.NEWS01.RUNDOWN
2023/03/07 13:43:00 Last msgID: 15401
2023/03/07 13:43:00 Waiting for 1 second Connection close...
2023/03/07 13:43:01 TINEWS/TRAINING.NEWS01.RUNDOWNRundwon DeletedP:\MosgoRundown\TINEWS/TRAINING.NEWS01.RUNDOWN.xml deleted
2023/03/07 13:52:49 Server Running...
2023/03/07 13:52:49 Listening on  :10541
2023/03/07 13:52:49 Waiting for client...
2023/03/07 13:53:15 RoAck sent 2023-03-07T13:53:15 for RundownID: TINEWS/TRAINING.NEWS01.RUNDOWN
2023/03/07 13:53:15 Last msgID: 15402
2023/03/07 13:53:15 Waiting for 1 second Connection close...
2023/03/07 13:53:16 Rundown RoCreateTINEWS/TRAINING.NEWS01.RUNDOWN
2023/03/07 13:53:36 RoAck sent 2023-03-07T13:53:36 for RundownID: TINEWS/TRAINING.NEWS01.RUNDOWN
2023/03/07 13:53:36 Last msgID: 15403
2023/03/07 13:53:36 Waiting for 1 second Connection close...
2023/03/07 13:53:37 Rundown RoReplaceTINEWS/TRAINING.NEWS01.RUNDOWN
2023/03/07 13:54:52 RoAck sent 2023-03-07T13:54:52 for RundownID: TINEWS/TRAINING.NEWS01.RUNDOWN
2023/03/07 13:54:52 Last msgID: 15404
2023/03/07 13:54:52 Waiting for 1 second Connection close...
2023/03/07 13:54:53 TINEWS/TRAINING.NEWS01.RUNDOWNRundwon DeletedP:\MosgoRundown\TINEWS/TRAINING.NEWS01.RUNDOWN.xml deleted
2023/03/09 00:04:07 Server Running...
2023/03/09 00:04:07 Listening on  :10541
2023/03/09 00:04:07 Waiting for client...
2023/03/09 00:04:27 RoAck sent 2023-03-09T00:04:27 for RundownID: TINEWS/TRAINING.NEWS01.RUNDOWN
2023/03/09 00:04:27 Last msgID: 15405
2023/03/09 00:04:27 Waiting for 1 second Connection close...
2023/03/09 00:04:28 Rundown RoCreateTINEWS/TRAINING.NEWS01.RUNDOWN
2023/03/09 01:20:49 Server Running...
2023/03/09 01:20:49 Listening on  :10541
2023/03/09 01:20:49 Waiting for client...
2023/03/09 01:21:18 RoAck sent 2023-03-09T01:21:18 for RundownID: TINEWS/TRAINING.NEWS01.RUNDOWN
2023/03/09 01:21:18 Last msgID: 15406
2023/03/09 01:21:18 Waiting for 1 second Connection close...
2023/03/09 01:21:19 Rundown RoCreateTINEWS/TRAINING.NEWS01.RUNDOWN
2023/03/09 01:22:22 RoAck sent 2023-03-09T01:22:22 for RundownID: TINEWS/TRAINING.NEWS01.RUNDOWN
2023/03/09 01:22:22 Last msgID: 15407
2023/03/09 01:22:22 Waiting for 1 second Connection close...
2023/03/09 01:22:23 Rundown RoReplaceTINEWS/TRAINING.NEWS01.RUNDOWN
2023/03/09 01:25:07 Server Running...
2023/03/09 01:25:07 Listening on  :10541
2023/03/09 01:25:07 Waiting for client...
2023/03/09 01:26:13 Server Running...
2023/03/09 01:26:13 Listening on  :10541
2023/03/09 01:26:13 Waiting for client...
2023/03/09 01:26:29 RoAck sent 2023-03-09T01:26:29 for RundownID: TINEWS/TRAINING.NEWS01.RUNDOWN
2023/03/09 01:26:29 Last msgID: 15408
2023/03/09 01:26:29 Waiting for 1 second Connection close...
2023/03/09 01:26:30 Rundown RoCreateTINEWS/TRAINING.NEWS01.RUNDOWN
2023/03/09 01:39:12 Server Running...
2023/03/09 01:39:12 Listening on  :10541
2023/03/09 01:39:12 Waiting for client...
2023/03/09 01:39:18 RoAck sent 2023-03-09T01:39:18 for RundownID: TINEWS/TRAINING.NEWS01.RUNDOWN
2023/03/09 01:39:18 Last msgID: 15409
2023/03/09 01:39:18 Waiting for 1 second Connection close...
2023/03/09 01:39:19 Rundown RoReplaceTINEWS/TRAINING.NEWS01.RUNDOWN
2023/03/09 01:40:36 Server Running...
2023/03/09 01:40:36 Listening on  :10541
2023/03/09 01:40:36 Waiting for client...
2023/03/09 01:40:41 RoAck sent 2023-03-09T01:40:41 for RundownID: TINEWS/TRAINING.NEWS01.RUNDOWN
2023/03/09 01:40:41 Last msgID: 15410
2023/03/09 01:40:41 Waiting for 1 second Connection close...
2023/03/09 01:40:42 Rundown RoReplaceTINEWS/TRAINING.NEWS01.RUNDOWN
2023/03/09 01:42:32 Server Running...
2023/03/09 01:42:32 Listening on  :10541
2023/03/09 01:42:32 Waiting for client...
2023/03/09 01:42:38 RoAck sent 2023-03-09T01:42:38 for RundownID: TINEWS/TRAINING.NEWS01.RUNDOWN
2023/03/09 01:42:38 Last msgID: 15411
2023/03/09 01:42:38 Waiting for 1 second Connection close...
2023/03/09 01:42:39 Rundown RoReplaceTINEWS/TRAINING.NEWS01.RUNDOWN
2023/03/09 01:43:52 Server Running...
2023/03/09 01:43:52 Listening on  :10541
2023/03/09 01:43:52 Waiting for client...
2023/03/09 01:43:56 Error unmarshalling XML:XML syntax error on line 1: illegal character code U+0000
2023/03/09 01:44:49 Server Running...
2023/03/09 01:44:49 Listening on  :10541
2023/03/09 01:44:49 Waiting for client...
2023/03/09 01:45:11 Server Running...
2023/03/09 01:45:11 Listening on  :10541
2023/03/09 01:45:11 Waiting for client...
2023/03/09 01:45:34 Error unmarshalling XML:non-pointer passed to Unmarshal
2023/03/09 01:46:27 Server Running...
2023/03/09 01:46:27 Listening on  :10541
2023/03/09 01:46:27 Waiting for client...
2023/03/09 01:46:51 Server Running...
2023/03/09 01:46:51 Listening on  :10541
2023/03/09 01:46:51 Waiting for client...
2023/03/09 01:48:54 Server Running...
2023/03/09 01:48:54 Listening on  :10541
2023/03/09 01:48:54 Waiting for client...
2023/03/09 01:49:02 RoAck sent 2023-03-09T01:49:02 for RundownID: TINEWS/TRAINING.NEWS01.RUNDOWN
2023/03/09 01:49:02 Last msgID: 15412
2023/03/09 01:49:02 Waiting for 1 second Connection close...
2023/03/09 01:49:03 Rundown RoCreateTINEWS/TRAINING.NEWS01.RUNDOWN
2023/03/09 02:35:56 Server Running...
2023/03/09 02:35:56 Listening on  :10541
2023/03/09 02:35:56 Waiting for client...
2023/03/09 02:36:04 RoAck sent 2023-03-09T02:36:04 for RundownID: TINEWS/TRAINING.NEWS01.RUNDOWN
2023/03/09 02:36:04 Last msgID: 15413
2023/03/09 02:36:04 Waiting for 1 second Connection close...
2023/03/09 02:36:05 Rundown RoReplaceTINEWS/TRAINING.NEWS01.RUNDOWN
2023/03/09 02:38:01 Server Running...
2023/03/09 02:38:01 Listening on  :10541
2023/03/09 02:38:01 Waiting for client...
2023/03/09 02:38:06 RoAck sent 2023-03-09T02:38:06 for RundownID: TINEWS/TRAINING.NEWS01.RUNDOWN
2023/03/09 02:38:06 Last msgID: 15414
2023/03/09 02:38:06 Waiting for 1 second Connection close...
2023/03/09 02:38:07 Rundown RoReplaceTINEWS/TRAINING.NEWS01.RUNDOWN
2023/03/09 02:46:25 Server Running...
2023/03/09 02:46:25 Listening on  :10541
2023/03/09 02:46:25 Waiting for client...
2023/03/09 02:46:31 RoAck sent 2023-03-09T02:46:31 for RundownID: TINEWS/TRAINING.NEWS01.RUNDOWN
2023/03/09 02:46:31 Last msgID: 15415
2023/03/09 02:46:31 Waiting for 1 second Connection close...
2023/03/09 02:46:32 Rundown RoReplaceTINEWS/TRAINING.NEWS01.RUNDOWN
2023/03/09 03:54:17 Server Running...
2023/03/09 03:54:17 Listening on  :10541
2023/03/09 03:54:17 Waiting for client...
2023/03/09 03:54:28 Data saved toP:\MosgoRundown\TINEWS/TRAINING.NEWS01.RUNDOWN.xml
2023/03/09 03:54:28 Data saved toP:\MosgoRundown\TINEWS/TRAINING.NEWS01.RUNDOWN.json
2023/03/09 03:54:28 RoAck sent 2023-03-09T03:54:28 for RundownID: TINEWS/TRAINING.NEWS01.RUNDOWN
2023/03/09 03:54:28 Last msgID: 15416
2023/03/09 03:54:28 Waiting for 1 second Connection close...
2023/03/09 03:54:29 Rundown RoCreateTINEWS/TRAINING.NEWS01.RUNDOWN
2023/03/09 04:33:21 Server Running...
2023/03/09 04:33:21 Listening on  :10541
2023/03/09 04:33:21 Waiting for client...
2023/03/09 04:33:26 Data saved toP:\MosgoRundown\TINEWS/TRAINING.NEWS01.RUNDOWN.xml
2023/03/09 04:33:26 Data saved to P:\MosgoRundown\TINEWS/TRAINING.NEWS01.RUNDOWN.json
2023/03/09 04:33:26 RoAck sent 2023-03-09T04:33:26 for RundownID: TINEWS/TRAINING.NEWS01.RUNDOWN
2023/03/09 04:33:26 Last msgID: 15417
2023/03/09 04:33:26 Waiting for 1 second Connection close...
2023/03/09 04:33:27 Rundown RoReplace TINEWS/TRAINING.NEWS01.RUNDOWN
2023/03/09 04:33:33 RoAck sent 2023-03-09T04:33:33 for RundownID: TINEWS/TRAINING.NEWS01.RUNDOWN
2023/03/09 04:33:33 Waiting for 1 second Connection close...
2023/03/09 04:33:34 TINEWS/TRAINING.NEWS01.RUNDOWNRundwon Deleted P:\MosgoRundown\TINEWS/TRAINING.NEWS01.RUNDOWN.xml deleted
2023/03/09 04:40:02 Data saved toP:\MosgoRundown\TINEWS/TRAINING.NEWS01.RUNDOWN.xml
2023/03/09 04:40:02 Data saved to P:\MosgoRundown\TINEWS/TRAINING.NEWS01.RUNDOWN.json
2023/03/09 04:40:02 RoAck sent 2023-03-09T04:40:02 for RundownID: TINEWS/TRAINING.NEWS01.RUNDOWN
2023/03/09 04:40:02 Last msgID: 15418
2023/03/09 04:40:02 Waiting for 1 second Connection close...
2023/03/09 04:40:03 Rundown RoCreate TINEWS/TRAINING.NEWS01.RUNDOWN
2023/03/09 04:40:57 Server Running...
2023/03/09 04:40:57 Listening on  :10541
2023/03/09 04:40:57 Waiting for client...
2023/03/09 04:41:09 Data saved toP:\MosgoRundown\TINEWS/TRAINING.NEWS01.RUNDOWN.xml
2023/03/09 04:41:09 Data saved to P:\MosgoRundown\TINEWS/TRAINING.NEWS01.RUNDOWN.json
2023/03/09 04:41:09 RoAck sent 2023-03-09T04:41:09 for RundownID: TINEWS/TRAINING.NEWS01.RUNDOWN
2023/03/09 04:41:09 Last msgID: 15419
2023/03/09 04:41:09 Waiting for 1 second Connection close...
2023/03/09 04:41:10 Rundown RoReplace TINEWS/TRAINING.NEWS01.RUNDOWN
2023/03/09 04:41:21 RoAck sent 2023-03-09T04:41:21 for RundownID: TINEWS/TRAINING.NEWS01.RUNDOWN
2023/03/09 04:41:21 Waiting for 1 second Connection close...
2023/03/09 04:41:22 TINEWS/TRAINING.NEWS01.RUNDOWNRundwon Deleted P:\MosgoRundown\TINEWS/TRAINING.NEWS01.RUNDOWN.xml deleted
2023/03/09 04:41:22 TINEWS/TRAINING.NEWS01.RUNDOWNRundwon Deleted P:\MosgoRundown\TINEWS/TRAINING.NEWS01.RUNDOWN.json deleted
2023/03/10 00:51:53 Server Running...
2023/03/10 00:51:53 Listening on  :10541
2023/03/10 00:51:53 Waiting for client...
2023/03/10 00:57:05 Data saved toP:\MosgoRundown\TINEWS/TRAINING.NEWS01.RUNDOWN.xml
2023/03/10 00:57:05 Data saved to P:\MosgoRundown\TINEWS/TRAINING.NEWS01.RUNDOWN.json
2023/03/10 00:57:05 RoAck sent 2023-03-10T00:57:05 for RundownID: TINEWS/TRAINING.NEWS01.RUNDOWN
2023/03/10 00:57:05 Last msgID: 15420
2023/03/10 00:57:05 Waiting for 1 second Connection close...
2023/03/10 00:57:06 Rundown RoCreate TINEWS/TRAINING.NEWS01.RUNDOWN
2023/03/10 00:57:18 RoAck sent 2023-03-10T00:57:18 for RundownID: TINEWS/TRAINING.NEWS01.RUNDOWN
2023/03/10 00:57:18 Last msgID: 15421
2023/03/10 00:57:18 Waiting for 1 second Connection close...
2023/03/10 00:57:19 Rundown RoStoryDelete TINEWS/TRAINING.NEWS01.RUNDOWN
2023/03/10 00:57:19 RoAck sent 2023-03-10T00:57:19 for RundownID: TINEWS/TRAINING.NEWS01.RUNDOWN
2023/03/10 00:57:19 Last msgID: 15422
2023/03/10 00:57:19 Waiting for 1 second Connection close...
2023/03/10 00:58:28 RoAck sent 2023-03-10T00:58:28 for RundownID: TINEWS/TRAINING.NEWS01.RUNDOWN
2023/03/10 00:58:28 Last msgID: 15423
2023/03/10 00:58:28 Waiting for 1 second Connection close...
2023/03/10 00:58:29 Rundown RoStoryDelete TINEWS/TRAINING.NEWS01.RUNDOWN
2023/03/10 00:58:29 RoAck sent 2023-03-10T00:58:29 for RundownID: TINEWS/TRAINING.NEWS01.RUNDOWN
2023/03/10 00:58:29 Last msgID: 15424
2023/03/10 00:58:29 Waiting for 1 second Connection close...
2023/03/10 01:05:23 Server Running...
2023/03/10 01:05:23 Listening on  :10541
2023/03/10 01:05:23 Waiting for client...
2023/03/10 01:05:43 Data saved toP:\MosgoRundown\TINEWS/TRAINING.NEWS01.RUNDOWN.xml
2023/03/10 01:05:43 Data saved to P:\MosgoRundown\TINEWS/TRAINING.NEWS01.RUNDOWN.json
2023/03/10 01:05:43 RoAck sent 2023-03-10T01:05:43 for RundownID: TINEWS/TRAINING.NEWS01.RUNDOWN
2023/03/10 01:05:43 Last msgID: 15425
2023/03/10 01:05:43 Waiting for 1 second Connection close...
2023/03/10 01:05:44 Rundown RoReplace TINEWS/TRAINING.NEWS01.RUNDOWN
2023/03/10 01:08:59 Server Running...
2023/03/10 01:08:59 Listening on  :10541
2023/03/10 01:08:59 Waiting for client...
2023/03/10 01:09:04 RoAck sent 2023-03-10T01:09:04 for RundownID: TINEWS/TRAINING.NEWS01.RUNDOWN
2023/03/10 01:09:04 Waiting for 1 second Connection close...
2023/03/10 01:09:05 TINEWS/TRAINING.NEWS01.RUNDOWNRundwon Deleted P:\MosgoRundown\TINEWS/TRAINING.NEWS01.RUNDOWN.xml deleted
2023/03/10 01:09:05 TINEWS/TRAINING.NEWS01.RUNDOWNRundwon Deleted P:\MosgoRundown\TINEWS/TRAINING.NEWS01.RUNDOWN.json deleted
2023/03/10 01:09:35 Data saved toP:\MosgoRundown\TINEWS/TRAINING.NEWS01.RUNDOWN.xml
2023/03/10 01:09:35 Data saved to P:\MosgoRundown\TINEWS/TRAINING.NEWS01.RUNDOWN.json
2023/03/10 01:09:35 RoAck sent 2023-03-10T01:09:35 for RundownID: TINEWS/TRAINING.NEWS01.RUNDOWN
2023/03/10 01:09:35 Last msgID: 15426
2023/03/10 01:09:35 Waiting for 1 second Connection close...
2023/03/10 01:09:36 Rundown RoCreate TINEWS/TRAINING.NEWS01.RUNDOWN
2023/03/10 01:17:17 Server Running...
2023/03/10 01:17:17 Listening on  :10541
2023/03/10 01:17:17 Waiting for client...
2023/03/10 01:17:31 RoAck sent 2023-03-10T01:17:31 for RundownID: TINEWS/TRAINING.NEWS01.RUNDOWN
2023/03/10 01:17:31 Last msgID: 15427
2023/03/10 01:17:31 Waiting for 1 second Connection close...
2023/03/10 01:17:32 Rundown RoStoryDelete TINEWS/TRAINING.NEWS01.RUNDOWN
2023/03/10 01:17:32 RoAck sent 2023-03-10T01:17:32 for RundownID: TINEWS/TRAINING.NEWS01.RUNDOWN
2023/03/10 01:17:32 Last msgID: 15428
2023/03/10 01:17:32 Waiting for 1 second Connection close...
2023/03/10 01:24:56 Server Running...
2023/03/10 01:24:56 Listening on  :10541
2023/03/10 01:24:56 Waiting for client...
2023/03/10 01:25:04 RoAck sent 2023-03-10T01:25:04 for RundownID: TINEWS/TRAINING.NEWS01.RUNDOWN
2023/03/10 01:25:04 Last msgID: 15429
2023/03/10 01:25:04 Waiting for 1 second Connection close...
2023/03/10 01:25:05 Data saved toP:\MosgoRundown\TINEWS/TRAINING.NEWS01.RUNDOWN.xml
2023/03/10 01:25:05 Data saved to P:\MosgoRundown\TINEWS/TRAINING.NEWS01.RUNDOWN.json
2023/03/10 01:25:05 Rundown RoReplace TINEWS/TRAINING.NEWS01.RUNDOWN
2023/03/10 01:25:12 RoAck sent 2023-03-10T01:25:12 for RundownID: TINEWS/TRAINING.NEWS01.RUNDOWN
2023/03/10 01:25:12 Last msgID: 15430
2023/03/10 01:25:12 Waiting for 1 second Connection close...
2023/03/10 01:25:13 RoAck sent 2023-03-10T01:25:13 for RundownID: TINEWS/TRAINING.NEWS01.RUNDOWN
2023/03/10 01:25:13 Last msgID: 15431
2023/03/10 01:25:13 Waiting for 1 second Connection close...
2023/03/10 01:25:14 Rundown RoStoryDelete TINEWS/TRAINING.NEWS01.RUNDOWN
2023/03/10 01:27:45 RoAck sent 2023-03-10T01:27:45 for RundownID: TINEWS/TRAINING.NEWS01.RUNDOWN
2023/03/10 01:27:45 Last msgID: 15432
2023/03/10 01:27:45 Waiting for 1 second Connection close...
2023/03/10 01:27:46 Data saved toP:\MosgoRundown\TINEWS/TRAINING.NEWS01.RUNDOWN.xml
2023/03/10 01:27:46 Data saved to P:\MosgoRundown\TINEWS/TRAINING.NEWS01.RUNDOWN.json
2023/03/10 01:27:46 Rundown RoReplace TINEWS/TRAINING.NEWS01.RUNDOWN
2023/03/10 01:27:56 RoAck sent 2023-03-10T01:27:56 for RundownID: TINEWS/TRAINING.NEWS01.RUNDOWN
2023/03/10 01:27:56 Last msgID: 15433
2023/03/10 01:27:56 Waiting for 1 second Connection close...
2023/03/10 01:27:57 RoAck sent 2023-03-10T01:27:57 for RundownID: TINEWS/TRAINING.NEWS01.RUNDOWN
2023/03/10 01:27:57 Last msgID: 15434
2023/03/10 01:27:57 Waiting for 1 second Connection close...
2023/03/10 01:27:58 Rundown RoStoryDelete TINEWS/TRAINING.NEWS01.RUNDOWN
2023/03/10 01:31:13 Server Running...
2023/03/10 01:31:13 Listening on  :10541
2023/03/10 01:31:13 Waiting for client...
2023/03/10 01:31:18 RoAck sent 2023-03-10T01:31:18 for RundownID: TINEWS/TRAINING.NEWS01.RUNDOWN
2023/03/10 01:31:18 Last msgID: 15435
2023/03/10 01:31:18 Waiting for 1 second Connection close...
2023/03/10 01:31:19 Data saved toP:\MosgoRundown\TINEWS/TRAINING.NEWS01.RUNDOWN.xml
2023/03/10 01:31:19 Data saved to P:\MosgoRundown\TINEWS/TRAINING.NEWS01.RUNDOWN.json
2023/03/10 01:31:19 Rundown RoReplace TINEWS/TRAINING.NEWS01.RUNDOWN
2023/03/10 01:31:28 RoReq sent 2023-03-10T01:31:28 for RundownID: TINEWS/TRAINING.NEWS01.RUNDOWN
2023/03/10 01:31:28 Last msgID: 15436
2023/03/10 01:31:28 Waiting for 1 second Connection close...
2023/03/10 01:31:29 RoAck sent 2023-03-10T01:31:29 for RundownID: TINEWS/TRAINING.NEWS01.RUNDOWN
2023/03/10 01:31:29 Last msgID: 15437
2023/03/10 01:31:29 Waiting for 1 second Connection close...
2023/03/10 01:31:30 Rundown RoStoryDelete TINEWS/TRAINING.NEWS01.RUNDOWN
2023/03/10 01:33:49 Server Running...
2023/03/10 01:33:49 Listening on  :10541
2023/03/10 01:33:49 Waiting for client...
2023/03/10 01:33:56 RoAck sent 2023-03-10T01:33:56 for RundownID: TINEWS/TRAINING.NEWS01.RUNDOWN
2023/03/10 01:33:56 Last msgID: 15438
2023/03/10 01:33:56 Waiting for 1 second Connection close...
2023/03/10 01:33:57 Data saved toP:\MosgoRundown\TINEWS/TRAINING.NEWS01.RUNDOWN.xml
2023/03/10 01:33:57 Data saved to P:\MosgoRundown\TINEWS/TRAINING.NEWS01.RUNDOWN.json
2023/03/10 01:33:57 Rundown RoReplace TINEWS/TRAINING.NEWS01.RUNDOWN
2023/03/10 01:34:02 RoReq sent 2023-03-10T01:34:02 for RundownID: TINEWS/TRAINING.NEWS01.RUNDOWN
2023/03/10 01:34:02 Last msgID: 15439
2023/03/10 01:34:02 Waiting for 1 second Connection close...
2023/03/10 01:34:03 Rundown RoStoryDelete TINEWS/TRAINING.NEWS01.RUNDOWN
2023/03/10 01:34:39 RoAck sent 2023-03-10T01:34:39 for RundownID: TINEWS/TRAINING.NEWS01.RUNDOWN
2023/03/10 01:34:39 Last msgID: 15440
2023/03/10 01:34:39 Waiting for 1 second Connection close...
2023/03/10 01:34:40 Data saved toP:\MosgoRundown\TINEWS/TRAINING.NEWS01.RUNDOWN.xml
2023/03/10 01:34:40 Data saved to P:\MosgoRundown\TINEWS/TRAINING.NEWS01.RUNDOWN.json
2023/03/10 01:34:40 Rundown RoReplace TINEWS/TRAINING.NEWS01.RUNDOWN
2023/03/10 01:41:07 Server Running...
2023/03/10 01:41:07 Listening on  :10541
2023/03/10 01:41:07 Waiting for client...
2023/03/10 01:41:14 RoAck sent 2023-03-10T01:41:14 for RundownID: TINEWS/TRAINING.NEWS01.RUNDOWN
2023/03/10 01:41:14 Last msgID: 15441
2023/03/10 01:41:14 Waiting for 1 second Connection close...
2023/03/10 01:41:15 Data saved toP:\MosgoRundown\TINEWS/TRAINING.NEWS01.RUNDOWN.xml
2023/03/10 01:41:15 Data saved to P:\MosgoRundown\TINEWS/TRAINING.NEWS01.RUNDOWN.json
2023/03/10 01:41:15 Rundown RoReplace TINEWS/TRAINING.NEWS01.RUNDOWN
2023/03/10 01:41:24 RoReq sent 2023-03-10T01:41:24 for RundownID: TINEWS/TRAINING.NEWS01.RUNDOWN
2023/03/10 01:41:24 Last msgID: 15442
2023/03/10 01:41:24 Waiting for 1 second Connection close...
2023/03/10 01:41:25 Rundown RoStoryDelete TINEWS/TRAINING.NEWS01.RUNDOWN
2023/03/10 01:55:34 Server Running...
2023/03/10 01:55:34 Listening on  :10541
2023/03/10 01:55:34 Waiting for client...
2023/03/10 01:55:41 RoAck sent 2023-03-10T01:55:41 for RundownID: TINEWS/TRAINING.NEWS01.RUNDOWN
2023/03/10 01:55:41 Last msgID: 15443
2023/03/10 01:55:41 Waiting for 1 second Connection close...
2023/03/10 01:55:42 Data saved toP:\MosgoRundown\TINEWS/TRAINING.NEWS01.RUNDOWN.xml
2023/03/10 01:55:42 Data saved to P:\MosgoRundown\TINEWS/TRAINING.NEWS01.RUNDOWN.json
2023/03/10 01:55:42 Rundown RoReplace TINEWS/TRAINING.NEWS01.RUNDOWN
2023/03/10 01:55:47 RoReq sent 2023-03-10T01:55:47 for RundownID: TINEWS/TRAINING.NEWS01.RUNDOWN
2023/03/10 01:55:47 Error unmarshalling XML:XML syntax error on line 1: illegal character code U+0000
2023/03/10 01:55:47 Last msgID: 15444
2023/03/10 01:55:47 Waiting for 1 second Connection close...
2023/03/10 01:55:48 Rundown RoStoryDelete TINEWS/TRAINING.NEWS01.RUNDOWN
2023/03/10 02:04:48 Server Running...
2023/03/10 02:04:48 Listening on  :10541
2023/03/10 02:04:48 Waiting for client...
2023/03/10 02:04:52 RoAck sent 2023-03-10T02:04:52 for RundownID: TINEWS/TRAINING.NEWS01.RUNDOWN
2023/03/10 02:04:52 Last msgID: 15445
2023/03/10 02:04:52 Waiting for 1 second Connection close...
2023/03/10 02:04:53 Data saved toP:\MosgoRundown\TINEWS/TRAINING.NEWS01.RUNDOWN.xml
2023/03/10 02:04:53 Data saved to P:\MosgoRundown\TINEWS/TRAINING.NEWS01.RUNDOWN.json
2023/03/10 02:04:53 Rundown RoReplace TINEWS/TRAINING.NEWS01.RUNDOWN
2023/03/10 02:05:02 RoReq sent 2023-03-10T02:05:02 for RundownID: TINEWS/TRAINING.NEWS01.RUNDOWN
2023/03/10 02:05:02 Data saved toP:\MosgoRundown\TINEWS/TRAINING.NEWS01.RUNDOWN.xml
2023/03/10 02:05:02 Data saved to P:\MosgoRundown\TINEWS/TRAINING.NEWS01.RUNDOWN.json
2023/03/10 02:05:02 RoAck sent 2023-03-10T02:05:02 for RundownID: TINEWS/TRAINING.NEWS01.RUNDOWN
2023/03/10 02:05:02 Last msgID: 15446
2023/03/10 02:05:02 Waiting for 1 second Connection close...
2023/03/10 02:05:03 Rundown RoList TINEWS/TRAINING.NEWS01.RUNDOWN
2023/03/10 02:05:03 Last msgID: 15447
2023/03/10 02:05:03 Waiting for 1 second Connection close...
2023/03/10 02:05:04 Rundown RoStoryDelete TINEWS/TRAINING.NEWS01.RUNDOWN
2023/03/10 02:10:04 Server Running...
2023/03/10 02:10:04 Listening on  :10541
2023/03/10 02:10:04 Waiting for client...
2023/03/10 02:10:35 RoReq sent 2023-03-10T02:10:35 for RundownID: TINEWS/TRAINING.NEWS01.RUNDOWN
2023/03/10 02:10:35 Data saved toP:\MosgoRundown\TINEWS/TRAINING.NEWS01.RUNDOWN.xml
2023/03/10 02:10:35 Data saved to P:\MosgoRundown\TINEWS/TRAINING.NEWS01.RUNDOWN.json
2023/03/10 02:10:35 RoAck sent 2023-03-10T02:10:35 for RundownID: TINEWS/TRAINING.NEWS01.RUNDOWN
2023/03/10 02:10:35 Last msgID: 15448
2023/03/10 02:10:35 Waiting for 1 second Connection close...
2023/03/10 02:10:36 Rundown RoList TINEWS/TRAINING.NEWS01.RUNDOWN
2023/03/10 02:10:36 Last msgID: 15449
2023/03/10 02:10:36 Waiting for 1 second Connection close...
2023/03/10 02:10:37 RoAck sent 2023-03-10T02:10:37 for RundownID: TINEWS/TRAINING.NEWS01.RUNDOWN
2023/03/10 02:10:37 Last msgID: 15450
2023/03/10 02:10:37 Waiting for 1 second Connection close...
2023/03/10 02:10:38 Rundown RoStoryInsert TINEWS/TRAINING.NEWS01.RUNDOWN
2023/03/10 02:12:41 RoAck sent 2023-03-10T02:12:41 for RundownID: TINEWS/TRAINING.NEWS01.RUNDOWN
2023/03/10 02:12:41 Waiting for 1 second Connection close...
2023/03/10 02:12:42 TINEWS/TRAINING.NEWS01.RUNDOWNRundwon Deleted P:\MosgoRundown\TINEWS/TRAINING.NEWS01.RUNDOWN.xml deleted
2023/03/10 02:12:42 TINEWS/TRAINING.NEWS01.RUNDOWNRundwon Deleted P:\MosgoRundown\TINEWS/TRAINING.NEWS01.RUNDOWN.json deleted
2023/03/10 05:31:19 Server Running...
2023/03/10 05:31:19 Listening on  :10541
2023/03/10 05:31:19 Waiting for client...
2023/03/12 15:26:50 Server Running...
2023/03/12 15:26:50 Listening on  :10541
2023/03/12 15:26:50 Waiting for client...
2023/03/12 15:27:25 Data saved toP:\MosgoRundown\TINEWS/TRAINING.NEWS01.RUNDOWN.xml
2023/03/12 15:27:25 Data saved to P:\MosgoRundown\TINEWS/TRAINING.NEWS01.RUNDOWN.json
2023/03/12 15:27:25 RoAck sent 2023-03-12T15:27:25 for RundownID: TINEWS/TRAINING.NEWS01.RUNDOWN
2023/03/12 15:27:25 Last msgID: 15451
2023/03/12 15:27:25 Waiting for 1 second Connection close...
2023/03/12 15:27:26 Rundown RoCreate TINEWS/TRAINING.NEWS01.RUNDOWN
